# JRE version: OpenJDK Runtime Environment (8.0_152-b02) (build 1.8.0_152-release-1024-b02)
# Java VM: OpenJDK 64-Bit Server VM (25.152-b02 mixed mode windows-amd64 compressed oops)
Heap:
 PSYoungGen      total 336384K, used 313344K [0x00000000e0000000, 0x00000000f6780000, 0x0000000100000000)
  eden space 313344K, 100% used [0x00000000e0000000,0x00000000f3200000,0x00000000f3200000)
  from space 23040K, 0% used [0x00000000f4980000,0x00000000f4980000,0x00000000f6000000)
  to   space 24064K, 73% used [0x00000000f3200000,0x00000000f43475a0,0x00000000f4980000)
 ParOldGen       total 193024K, used 33207K [0x00000000a0000000, 0x00000000abc80000, 0x00000000e0000000)
  object space 193024K, 17% used [0x00000000a0000000,0x00000000a206de78,0x00000000abc80000)
 Metaspace       used 75784K, capacity 79880K, committed 80128K, reserved 1118208K
  class space    used 10166K, capacity 10953K, committed 11008K, reserved 1048576K
GC Heap History (10 events):
Event: 12.414 GC heap after
Heap after GC invocations=7 (full 2):
 PSYoungGen      total 137728K, used 0K [0x00000000e0000000, 0x00000000edb80000, 0x0000000100000000)
  eden space 126976K, 0% used [0x00000000e0000000,0x00000000e0000000,0x00000000e7c00000)
  from space 10752K, 0% used [0x00000000e7c00000,0x00000000e7c00000,0x00000000e8680000)
  to   space 13312K, 0% used [0x00000000ece80000,0x00000000ece80000,0x00000000edb80000)
 ParOldGen       total 135680K, used 19420K [0x00000000a0000000, 0x00000000a8480000, 0x00000000e0000000)
  object space 135680K, 14% used [0x00000000a0000000,0x00000000a12f7188,0x00000000a8480000)
 Metaspace       used 34667K, capacity 35278K, committed 35416K, reserved 1079296K
  class space    used 4784K, capacity 4999K, committed 5120K, reserved 1048576K
}
Event: 13.519 GC heap before
{Heap before GC invocations=8 (full 2):
 PSYoungGen      total 137728K, used 126976K [0x00000000e0000000, 0x00000000edb80000, 0x0000000100000000)
  eden space 126976K, 100% used [0x00000000e0000000,0x00000000e7c00000,0x00000000e7c00000)
  from space 10752K, 0% used [0x00000000e7c00000,0x00000000e7c00000,0x00000000e8680000)
  to   space 13312K, 0% used [0x00000000ece80000,0x00000000ece80000,0x00000000edb80000)
 ParOldGen       total 135680K, used 19420K [0x00000000a0000000, 0x00000000a8480000, 0x00000000e0000000)
  object space 135680K, 14% used [0x00000000a0000000,0x00000000a12f7188,0x00000000a8480000)
 Metaspace       used 42802K, capacity 43738K, committed 43904K, reserved 1087488K
  class space    used 5924K, capacity 6208K, committed 6272K, reserved 1048576K
Event: 13.541 GC heap after
Heap after GC invocations=8 (full 2):
 PSYoungGen      total 209408K, used 13297K [0x00000000e0000000, 0x00000000ee900000, 0x0000000100000000)
  eden space 196096K, 0% used [0x00000000e0000000,0x00000000e0000000,0x00000000ebf80000)
  from space 13312K, 99% used [0x00000000ece80000,0x00000000edb7c550,0x00000000edb80000)
  to   space 15360K, 0% used [0x00000000ebf80000,0x00000000ebf80000,0x00000000ece80000)
 ParOldGen       total 135680K, used 20191K [0x00000000a0000000, 0x00000000a8480000, 0x00000000e0000000)
  object space 135680K, 14% used [0x00000000a0000000,0x00000000a13b7d30,0x00000000a8480000)
 Metaspace       used 42802K, capacity 43738K, committed 43904K, reserved 1087488K
  class space    used 5924K, capacity 6208K, committed 6272K, reserved 1048576K
}
Event: 16.504 GC heap before
{Heap before GC invocations=9 (full 2):
 PSYoungGen      total 209408K, used 209393K [0x00000000e0000000, 0x00000000ee900000, 0x0000000100000000)
  eden space 196096K, 100% used [0x00000000e0000000,0x00000000ebf80000,0x00000000ebf80000)
  from space 13312K, 99% used [0x00000000ece80000,0x00000000edb7c550,0x00000000edb80000)
  to   space 15360K, 0% used [0x00000000ebf80000,0x00000000ebf80000,0x00000000ece80000)
 ParOldGen       total 135680K, used 20191K [0x00000000a0000000, 0x00000000a8480000, 0x00000000e0000000)
  object space 135680K, 14% used [0x00000000a0000000,0x00000000a13b7d30,0x00000000a8480000)
 Metaspace       used 55487K, capacity 57108K, committed 57216K, reserved 1097728K
  class space    used 7569K, capacity 7967K, committed 8064K, reserved 1048576K
Event: 16.521 GC heap after
Heap after GC invocations=9 (full 2):
 PSYoungGen      total 211456K, used 15333K [0x00000000e0000000, 0x00000000f6000000, 0x0000000100000000)
  eden space 196096K, 0% used [0x00000000e0000000,0x00000000e0000000,0x00000000ebf80000)
  from space 15360K, 99% used [0x00000000ebf80000,0x00000000ece79510,0x00000000ece80000)
  to   space 23040K, 0% used [0x00000000f4980000,0x00000000f4980000,0x00000000f6000000)
 ParOldGen       total 135680K, used 31200K [0x00000000a0000000, 0x00000000a8480000, 0x00000000e0000000)
  object space 135680K, 22% used [0x00000000a0000000,0x00000000a1e78088,0x00000000a8480000)
 Metaspace       used 55487K, capacity 57108K, committed 57216K, reserved 1097728K
  class space    used 7569K, capacity 7967K, committed 8064K, reserved 1048576K
}
Event: 17.324 GC heap before
{Heap before GC invocations=10 (full 2):
 PSYoungGen      total 211456K, used 61016K [0x00000000e0000000, 0x00000000f6000000, 0x0000000100000000)
  eden space 196096K, 23% used [0x00000000e0000000,0x00000000e2c9ce98,0x00000000ebf80000)
  from space 15360K, 99% used [0x00000000ebf80000,0x00000000ece79510,0x00000000ece80000)
  to   space 23040K, 0% used [0x00000000f4980000,0x00000000f4980000,0x00000000f6000000)
 ParOldGen       total 135680K, used 31200K [0x00000000a0000000, 0x00000000a8480000, 0x00000000e0000000)
  object space 135680K, 22% used [0x00000000a0000000,0x00000000a1e78088,0x00000000a8480000)
 Metaspace       used 57164K, capacity 58878K, committed 59008K, reserved 1099776K
  class space    used 7816K, capacity 8236K, committed 8320K, reserved 1048576K
Event: 17.337 GC heap after
Heap after GC invocations=10 (full 2):
 PSYoungGen      total 336384K, used 17973K [0x00000000e0000000, 0x00000000f6780000, 0x0000000100000000)
  eden space 313344K, 0% used [0x00000000e0000000,0x00000000e0000000,0x00000000f3200000)
  from space 23040K, 78% used [0x00000000f4980000,0x00000000f5b0d550,0x00000000f6000000)
  to   space 24064K, 0% used [0x00000000f3200000,0x00000000f3200000,0x00000000f4980000)
 ParOldGen       total 135680K, used 31272K [0x00000000a0000000, 0x00000000a8480000, 0x00000000e0000000)
  object space 135680K, 23% used [0x00000000a0000000,0x00000000a1e8a098,0x00000000a8480000)
 Metaspace       used 57164K, capacity 58878K, committed 59008K, reserved 1099776K
  class space    used 7816K, capacity 8236K, committed 8320K, reserved 1048576K
}
Event: 17.337 GC heap before
{Heap before GC invocations=11 (full 3):
 PSYoungGen      total 336384K, used 17973K [0x00000000e0000000, 0x00000000f6780000, 0x0000000100000000)
  eden space 313344K, 0% used [0x00000000e0000000,0x00000000e0000000,0x00000000f3200000)
  from space 23040K, 78% used [0x00000000f4980000,0x00000000f5b0d550,0x00000000f6000000)
  to   space 24064K, 0% used [0x00000000f3200000,0x00000000f3200000,0x00000000f4980000)
 ParOldGen       total 135680K, used 31272K [0x00000000a0000000, 0x00000000a8480000, 0x00000000e0000000)
  object space 135680K, 23% used [0x00000000a0000000,0x00000000a1e8a098,0x00000000a8480000)
 Metaspace       used 57164K, capacity 58878K, committed 59008K, reserved 1099776K
  class space    used 7816K, capacity 8236K, committed 8320K, reserved 1048576K
Event: 17.487 GC heap after
Heap after GC invocations=11 (full 3):
 PSYoungGen      total 336384K, used 0K [0x00000000e0000000, 0x00000000f6780000, 0x0000000100000000)
  eden space 313344K, 0% used [0x00000000e0000000,0x00000000e0000000,0x00000000f3200000)
  from space 23040K, 0% used [0x00000000f4980000,0x00000000f4980000,0x00000000f6000000)
  to   space 24064K, 0% used [0x00000000f3200000,0x00000000f3200000,0x00000000f4980000)
 ParOldGen       total 193024K, used 33199K [0x00000000a0000000, 0x00000000abc80000, 0x00000000e0000000)
  object space 193024K, 17% used [0x00000000a0000000,0x00000000a206be78,0x00000000abc80000)
 Metaspace       used 57164K, capacity 58878K, committed 59008K, reserved 1099776K
  class space    used 7816K, capacity 8236K, committed 8320K, reserved 1048576K
}
Event: 839.385 GC heap before
{Heap before GC invocations=12 (full 3):
 PSYoungGen      total 336384K, used 313344K [0x00000000e0000000, 0x00000000f6780000, 0x0000000100000000)
  eden space 313344K, 100% used [0x00000000e0000000,0x00000000f3200000,0x00000000f3200000)
  from space 23040K, 0% used [0x00000000f4980000,0x00000000f4980000,0x00000000f6000000)
  to   space 24064K, 0% used [0x00000000f3200000,0x00000000f3200000,0x00000000f4980000)
 ParOldGen       total 193024K, used 33199K [0x00000000a0000000, 0x00000000abc80000, 0x00000000e0000000)
  object space 193024K, 17% used [0x00000000a0000000,0x00000000a206be78,0x00000000abc80000)
 Metaspace       used 75784K, capacity 79880K, committed 80128K, reserved 1118208K
  class space    used 10166K, capacity 10953K, committed 11008K, reserved 1048576K

